#
# There is insufficient memory for the Java Runtime Environment to continue.
# Native memory allocation (mmap) failed to map 65536 bytes. Error detail: Failed to commit metaspace.
# Possible reasons:
#   The system is out of physical RAM or swap space
#   This process is running with CompressedOops enabled, and the Java Heap may be blocking the growth of the native heap
# Possible solutions:
#   Reduce memory load on the system
#   Increase physical memory or swap space
#   Check if swap backing store is full
#   Decrease Java heap size (-Xmx/-Xms)
#   Decrease number of Java threads
#   Decrease Java thread stack sizes (-Xss)
#   Set larger code cache with -XX:ReservedCodeCacheSize=
#   JVM is running with Unscaled Compressed Oops mode in which the Java heap is
#     placed in the first 4GB address space. The Java Heap base address is the
#     maximum limit for the native heap growth. Please use -XX:HeapBaseMinAddress
#     to set the Java Heap base and to place the Java Heap above 4GB virtual address.
# This output file may be truncated or incomplete.
#
#  Out of Memory Error (virtualSpaceNode.cpp:110), pid=16984, tid=26516
#
# JRE version: OpenJDK Runtime Environment Microsoft-9889599 (17.0.12+7) (build 17.0.12+7-LTS)
# Java VM: OpenJDK 64-Bit Server VM Microsoft-9889599 (17.0.12+7-LTS, mixed mode, sharing, tiered, compressed oops, compressed class ptrs, g1 gc, windows-amd64)
# No core dump will be written. Minidumps are not enabled by default on client versions of Windows
#

---------------  S U M M A R Y ------------

Command Line: -Xmx64m -Xms64m -Dorg.gradle.appname=gradlew org.gradle.wrapper.GradleWrapperMain app:installDebug -PreactNativeDevServerPort=8081

Host: Intel(R) Core(TM) i7-10750H CPU @ 2.60GHz, 12 cores, 15G,  Windows 11 , 64 bit Build 22621 (10.0.22621.3958)
Time: Sun Sep  8 16:57:36 2024 Egypt Daylight Time elapsed time: 0.968563 seconds (0d 0h 0m 0s)

---------------  T H R E A D  ---------------

Current thread (0x0000020ddba5a1f0):  JavaThread "main" [_thread_in_vm, id=26516, stack(0x0000002dceb00000,0x0000002dcec00000)]

Stack: [0x0000002dceb00000,0x0000002dcec00000]
Native frames: (J=compiled Java code, j=interpreted, Vv=VM code, C=native code)
V  [jvm.dll+0x686d99]
V  [jvm.dll+0x83daf8]
V  [jvm.dll+0x83f5a3]
V  [jvm.dll+0x83fc13]
V  [jvm.dll+0x2492ef]
V  [jvm.dll+0x8398ad]
V  [jvm.dll+0x62b25e]
V  [jvm.dll+0x62b2ca]
V  [jvm.dll+0x62dab3]
V  [jvm.dll+0x62bc06]
V  [jvm.dll+0x23d01f]
V  [jvm.dll+0x635c05]
V  [jvm.dll+0x1eb3fd]
V  [jvm.dll+0x1eb905]
V  [jvm.dll+0x1ec2a9]
V  [jvm.dll+0x1e1961]
V  [jvm.dll+0x54adc4]
V  [jvm.dll+0x1f257a]
V  [jvm.dll+0x7b6d70]
V  [jvm.dll+0x7b8199]
V  [jvm.dll+0x7b84e8]
V  [jvm.dll+0x240e0b]
V  [jvm.dll+0x38607e]
C  0x0000020deaacb8c4

The last pc belongs to new (printed below).
Java frames: (J=compiled Java code, j=interpreted, Vv=VM code)
j  java.util.concurrent.locks.ReentrantLock$Sync.newCondition()Ljava/util/concurrent/locks/AbstractQueuedSynchronizer$ConditionObject;+0 java.base@17.0.12
j  java.util.concurrent.locks.ReentrantLock.newCondition()Ljava/util/concurrent/locks/Condition;+4 java.base@17.0.12
j  java.util.concurrent.LinkedBlockingQueue.<init>(I)V+31 java.base@17.0.12
j  java.util.concurrent.LinkedBlockingQueue.<init>()V+3 java.base@17.0.12
j  org.slf4j.helpers.SubstituteLoggerFactory.<init>()V+25
j  org.slf4j.LoggerFactory.<clinit>()V+8
v  ~StubRoutines::call_stub
j  org.gradle.internal.concurrent.CompositeStoppable.<clinit>()V+2
v  ~StubRoutines::call_stub
j  org.gradle.internal.service.DefaultServiceRegistry$OwnServices.<init>(Lorg/gradle/internal/service/DefaultServiceRegistry;)V+29
j  org.gradle.internal.service.DefaultServiceRegistry.<init>(Ljava/lang/String;[Lorg/gradle/internal/service/ServiceRegistry;)V+29
j  org.gradle.internal.service.DefaultServiceRegistry.<init>()V+5
j  org.gradle.internal.logging.services.LoggingServiceRegistry.<init>()V+1
j  org.gradle.internal.logging.services.LoggingServiceRegistry$CommandLineLogging.<init>()V+1
j  org.gradle.internal.logging.services.LoggingServiceRegistry$CommandLineLogging.<init>(Lorg/gradle/internal/logging/services/LoggingServiceRegistry$1;)V+1
j  org.gradle.internal.logging.services.LoggingServiceRegistry.newCommandLineProcessLogging()Lorg/gradle/internal/logging/services/LoggingServiceRegistry;+5
j  org.gradle.launcher.cli.DefaultCommandLineActionFactory.createLoggingServices()Lorg/gradle/internal/service/ServiceRegistry;+0
j  org.gradle.launcher.cli.DefaultCommandLineActionFactory.convert(Ljava/util/List;)Lorg/gradle/launcher/bootstrap/CommandLineActionFactory$CommandLineExecution;+1
j  org.gradle.launcher.Main.doAction([Ljava/lang/String;Lorg/gradle/launcher/bootstrap/ExecutionListener;)V+8
j  org.gradle.launcher.bootstrap.EntryPoint.run([Ljava/lang/String;)V+12
v  ~StubRoutines::call_stub
j  jdk.internal.reflect.NativeMethodAccessorImpl.invoke0(Ljava/lang/reflect/Method;Ljava/lang/Object;[Ljava/lang/Object;)Ljava/lang/Object;+0 java.base@17.0.12
j  jdk.internal.reflect.NativeMethodAccessorImpl.invoke(Ljava/lang/Object;[Ljava/lang/Object;)Ljava/lang/Object;+133 java.base@17.0.12
j  jdk.internal.reflect.DelegatingMethodAccessorImpl.invoke(Ljava/lang/Object;[Ljava/lang/Object;)Ljava/lang/Object;+6 java.base@17.0.12
j  java.lang.reflect.Method.invoke(Ljava/lang/Object;[Ljava/lang/Object;)Ljava/lang/Object;+59 java.base@17.0.12
j  org.gradle.launcher.bootstrap.ProcessBootstrap.runNoExit(Ljava/lang/String;[Ljava/lang/String;)V+155
j  org.gradle.launcher.bootstrap.ProcessBootstrap.run(Ljava/lang/String;[Ljava/lang/String;)V+2
v  ~StubRoutines::call_stub
j  jdk.internal.reflect.NativeMethodAccessorImpl.invoke0(Ljava/lang/reflect/Method;Ljava/lang/Object;[Ljava/lang/Object;)Ljava/lang/Object;+0 java.base@17.0.12
j  jdk.internal.reflect.NativeMethodAccessorImpl.invoke(Ljava/lang/Object;[Ljava/lang/Object;)Ljava/lang/Object;+133 java.base@17.0.12
j  jdk.internal.reflect.DelegatingMethodAccessorImpl.invoke(Ljava/lang/Object;[Ljava/lang/Object;)Ljava/lang/Object;+6 java.base@17.0.12
j  java.lang.reflect.Method.invoke(Ljava/lang/Object;[Ljava/lang/Object;)Ljava/lang/Object;+59 java.base@17.0.12
j  org.gradle.launcher.GradleMain.main([Ljava/lang/String;)V+100
v  ~StubRoutines::call_stub
j  jdk.internal.reflect.NativeMethodAccessorImpl.invoke0(Ljava/lang/reflect/Method;Ljava/lang/Object;[Ljava/lang/Object;)Ljava/lang/Object;+0 java.base@17.0.12
j  jdk.internal.reflect.NativeMethodAccessorImpl.invoke(Ljava/lang/Object;[Ljava/lang/Object;)Ljava/lang/Object;+133 java.base@17.0.12
j  jdk.internal.reflect.DelegatingMethodAccessorImpl.invoke(Ljava/lang/Object;[Ljava/lang/Object;)Ljava/lang/Object;+6 java.base@17.0.12
j  java.lang.reflect.Method.invoke(Ljava/lang/Object;[Ljava/lang/Object;)Ljava/lang/Object;+59 java.base@17.0.12
j  org.gradle.wrapper.GradleWrapperMain.main([Ljava/lang/String;)V+1823
v  ~StubRoutines::call_stub
new  187 new  [0x0000020deaacb720, 0x0000020deaacb940]  544 bytes
[MachCode]
  0x0000020deaacb720: 4883 ec08 | c5fa 1104 | 24eb 1f48 | 83ec 10c5 | fb11 0424 | eb14 4883 | ec10 4889 | 0424 48c7 
  0x0000020deaacb740: 4424 0800 | 0000 00eb | 0150 410f | b755 010f | cac1 ea10 | 488b 4de8 | 488b 4908 | 488b 4908 
  0x0000020deaacb760: 488b 4108 | 807c 1004 | 070f 85df | 0000 0066 | 8b54 d148 | 488b 4928 | 488b 4cd1 | 0851 80b9 
  0x0000020deaacb780: 3301 0000 | 040f 85c2 | 0000 008b | 5108 f7c2 | 0100 0000 | 0f85 b300 | 0000 498b | 8708 0100 
  0x0000020deaacb7a0: 0048 8d1c | 1049 3b9f | 1801 0000 | 0f87 9b00 | 0000 4989 | 9f08 0100 | 00e9 0000 | 0000 4883 
  0x0000020deaacb7c0: ea10 0f84 | 0f00 0000 | 33c9 c1ea | 0348 894c | d008 48ff | ca75 f648 | c700 0100 | 0000 5933 
  0x0000020deaacb7e0: f689 700c | 49ba 0000 | 0080 0d02 | 0000 492b | ca89 4808 | 49ba 2017 | 3934 fe7f | 0000 4180 
  0x0000020deaacb800: 3a00 0f84 | 4000 0000 | 5048 8bc8 | 4883 ec20 | f7c4 0f00 | 0000 0f84 | 1a00 0000 | 4883 ec08 
  0x0000020deaacb820: 49ba 60d0 | ee33 fe7f | 0000 41ff | d248 83c4 | 08e9 0d00 | 0000 49ba | 60d0 ee33 | fe7f 0000 
  0x0000020deaacb840: 41ff d248 | 83c4 2058 | e9cd 0000 | 0059 488b | 55e8 488b | 5208 488b | 5208 450f | b745 0141 
  0x0000020deaacb860: 0fc8 41c1 | e810 e805 | 0000 00e9 | aa00 0000 | 488d 4424 | 084c 896d | c049 8bcf | c5f8 7749 
  0x0000020deaacb880: 89af a802 | 0000 4989 | 8798 0200 | 0048 83ec | 20f7 c40f | 0000 000f | 841a 0000 | 0048 83ec 
  0x0000020deaacb8a0: 0849 ba30 | 60b8 33fe | 7f00 0041 | ffd2 4883 | c408 e90d | 0000 0049 | ba30 60b8 | 33fe 7f00 
  0x0000020deaacb8c0: 0041 ffd2 | 4883 c420 | 49c7 8798 | 0200 0000 | 0000 0049 | c787 a802 | 0000 0000 | 0000 49c7 
  0x0000020deaacb8e0: 87a0 0200 | 0000 0000 | 00c5 f877 | 4981 7f08 | 0000 0000 | 0f84 0500 | 0000 e901 | 56fe ff49 
  0x0000020deaacb900: 8b87 f002 | 0000 49c7 | 87f0 0200 | 0000 0000 | 004c 8b6d | c04c 8b75 | c8c3 410f | b65d 0349 
  0x0000020deaacb920: 83c5 0349 | bad0 833b | 34fe 7f00 | 0041 ff24 | da0f 1f80 | 0000 0000 | 0000 0000 | 0000 0000 
[/MachCode]

---------------  P R O C E S S  ---------------

Threads class SMR info:
_java_thread_list=0x0000020df5b449a0, length=13, elements={
0x0000020ddba5a1f0, 0x0000020df58c00b0, 0x0000020df58c0f30, 0x0000020df58cf8a0,
0x0000020df58d3190, 0x0000020df58d3b50, 0x0000020df58d6520, 0x0000020df58d72c0,
0x0000020df58d7d70, 0x0000020df58da780, 0x0000020df5a1b3d0, 0x0000020df5a1cd20,
0x0000020df5b92f30
}

Java Threads: ( => current thread )
=>0x0000020ddba5a1f0 JavaThread "main" [_thread_in_vm, id=26516, stack(0x0000002dceb00000,0x0000002dcec00000)]
  0x0000020df58c00b0 JavaThread "Reference Handler" daemon [_thread_blocked, id=25512, stack(0x0000002dcf200000,0x0000002dcf300000)]
  0x0000020df58c0f30 JavaThread "Finalizer" daemon [_thread_blocked, id=19756, stack(0x0000002dcf300000,0x0000002dcf400000)]
  0x0000020df58cf8a0 JavaThread "Signal Dispatcher" daemon [_thread_blocked, id=10992, stack(0x0000002dcf400000,0x0000002dcf500000)]
  0x0000020df58d3190 JavaThread "Attach Listener" daemon [_thread_blocked, id=14428, stack(0x0000002dcf500000,0x0000002dcf600000)]
  0x0000020df58d3b50 JavaThread "Service Thread" daemon [_thread_blocked, id=3924, stack(0x0000002dcf600000,0x0000002dcf700000)]
  0x0000020df58d6520 JavaThread "Monitor Deflation Thread" daemon [_thread_blocked, id=18512, stack(0x0000002dcf700000,0x0000002dcf800000)]
  0x0000020df58d72c0 JavaThread "C2 CompilerThread0" daemon [_thread_blocked, id=20452, stack(0x0000002dcf800000,0x0000002dcf900000)]
  0x0000020df58d7d70 JavaThread "C1 CompilerThread0" daemon [_thread_blocked, id=3764, stack(0x0000002dcf900000,0x0000002dcfa00000)]
  0x0000020df58da780 JavaThread "Sweeper thread" daemon [_thread_blocked, id=6912, stack(0x0000002dcfa00000,0x0000002dcfb00000)]
  0x0000020df5a1b3d0 JavaThread "Notification Thread" daemon [_thread_blocked, id=16600, stack(0x0000002dcfb00000,0x0000002dcfc00000)]
  0x0000020df5a1cd20 JavaThread "Common-Cleaner" daemon [_thread_blocked, id=12636, stack(0x0000002dcfd00000,0x0000002dcfe00000)]
  0x0000020df5b92f30 JavaThread "C2 CompilerThread1" daemon [_thread_blocked, id=28984, stack(0x0000002dcfe00000,0x0000002dcff00000)]

Other Threads:
  0x0000020ddbb090d0 VMThread "VM Thread" [stack: 0x0000002dcf100000,0x0000002dcf200000] [id=22084]
  0x0000020df599ecc0 WatcherThread [stack: 0x0000002dcfc00000,0x0000002dcfd00000] [id=11460]
  0x0000020ddba7abf0 GCTaskThread "GC Thread#0" [stack: 0x0000002dcec00000,0x0000002dced00000] [id=1260]
  0x0000020ddba7d350 ConcurrentGCThread "G1 Main Marker" [stack: 0x0000002dced00000,0x0000002dcee00000] [id=13356]
  0x0000020ddba7dd70 ConcurrentGCThread "G1 Conc#0" [stack: 0x0000002dcee00000,0x0000002dcef00000] [id=22708]
  0x0000020ddbaea6a0 ConcurrentGCThread "G1 Refine#0" [stack: 0x0000002dcef00000,0x0000002dcf000000] [id=7680]
  0x0000020ddbaeb0d0 ConcurrentGCThread "G1 Service" [stack: 0x0000002dcf000000,0x0000002dcf100000] [id=4680]

Threads with active compile tasks:

VM state: not at safepoint (normal execution)

VM Mutex/Monitor currently owned by a thread:  ([mutex/lock_event])
[0x0000020ddba55db0] Metaspace_lock - owner thread: 0x0000020ddba5a1f0

Heap address: 0x00000000fc000000, size: 64 MB, Compressed Oops mode: 32-bit

CDS archive(s) mapped at: [0x0000020d80000000-0x0000020d80bb0000-0x0000020d80bb0000), size 12255232, SharedBaseAddress: 0x0000020d80000000, ArchiveRelocationMode: 1.
Compressed class space mapped at: 0x0000020d81000000-0x0000020dc1000000, reserved size: 1073741824
Narrow klass base: 0x0000020d80000000, Narrow klass shift: 0, Narrow klass range: 0x100000000

GC Precious Log:
 CPUs: 12 total, 12 available
 Memory: 16251M
 Large Page Support: Disabled
 NUMA Support: Disabled
 Compressed Oops: Enabled (32-bit)
 Heap Region Size: 1M
 Heap Min Capacity: 64M
 Heap Initial Capacity: 64M
 Heap Max Capacity: 64M
 Pre-touch: Disabled
 Parallel Workers: 10
 Concurrent Workers: 3
 Concurrent Refinement Workers: 10
 Periodic GC: Disabled

Heap:
 garbage-first heap   total 65536K, used 18432K [0x00000000fc000000, 0x0000000100000000)
  region size 1024K, 20 young (20480K), 0 survivors (0K)
 Metaspace       used 2051K, committed 2176K, reserved 1114112K
  class space    used 194K, committed 256K, reserved 1048576K

Heap Regions: E=young(eden), S=young(survivor), O=old, HS=humongous(starts), HC=humongous(continues), CS=collection set, F=free, OA=open archive, CA=closed archive, TAMS=top-at-mark-start (previous, next)
|   0|0x00000000fc000000, 0x00000000fc000000, 0x00000000fc100000|  0%| F|  |TAMS 0x00000000fc000000, 0x00000000fc000000| Untracked 
|   1|0x00000000fc100000, 0x00000000fc100000, 0x00000000fc200000|  0%| F|  |TAMS 0x00000000fc100000, 0x00000000fc100000| Untracked 
|   2|0x00000000fc200000, 0x00000000fc200000, 0x00000000fc300000|  0%| F|  |TAMS 0x00000000fc200000, 0x00000000fc200000| Untracked 
|   3|0x00000000fc300000, 0x00000000fc300000, 0x00000000fc400000|  0%| F|  |TAMS 0x00000000fc300000, 0x00000000fc300000| Untracked 
|   4|0x00000000fc400000, 0x00000000fc400000, 0x00000000fc500000|  0%| F|  |TAMS 0x00000000fc400000, 0x00000000fc400000| Untracked 
|   5|0x00000000fc500000, 0x00000000fc500000, 0x00000000fc600000|  0%| F|  |TAMS 0x00000000fc500000, 0x00000000fc500000| Untracked 
|   6|0x00000000fc600000, 0x00000000fc600000, 0x00000000fc700000|  0%| F|  |TAMS 0x00000000fc600000, 0x00000000fc600000| Untracked 
|   7|0x00000000fc700000, 0x00000000fc700000, 0x00000000fc800000|  0%| F|  |TAMS 0x00000000fc700000, 0x00000000fc700000| Untracked 
|   8|0x00000000fc800000, 0x00000000fc800000, 0x00000000fc900000|  0%| F|  |TAMS 0x00000000fc800000, 0x00000000fc800000| Untracked 
|   9|0x00000000fc900000, 0x00000000fc900000, 0x00000000fca00000|  0%| F|  |TAMS 0x00000000fc900000, 0x00000000fc900000| Untracked 
|  10|0x00000000fca00000, 0x00000000fca00000, 0x00000000fcb00000|  0%| F|  |TAMS 0x00000000fca00000, 0x00000000fca00000| Untracked 
|  11|0x00000000fcb00000, 0x00000000fcb00000, 0x00000000fcc00000|  0%| F|  |TAMS 0x00000000fcb00000, 0x00000000fcb00000| Untracked 
|  12|0x00000000fcc00000, 0x00000000fcc00000, 0x00000000fcd00000|  0%| F|  |TAMS 0x00000000fcc00000, 0x00000000fcc00000| Untracked 
|  13|0x00000000fcd00000, 0x00000000fcd00000, 0x00000000fce00000|  0%| F|  |TAMS 0x00000000fcd00000, 0x00000000fcd00000| Untracked 
|  14|0x00000000fce00000, 0x00000000fce00000, 0x00000000fcf00000|  0%| F|  |TAMS 0x00000000fce00000, 0x00000000fce00000| Untracked 
|  15|0x00000000fcf00000, 0x00000000fcf00000, 0x00000000fd000000|  0%| F|  |TAMS 0x00000000fcf00000, 0x00000000fcf00000| Untracked 
|  16|0x00000000fd000000, 0x00000000fd000000, 0x00000000fd100000|  0%| F|  |TAMS 0x00000000fd000000, 0x00000000fd000000| Untracked 
|  17|0x00000000fd100000, 0x00000000fd100000, 0x00000000fd200000|  0%| F|  |TAMS 0x00000000fd100000, 0x00000000fd100000| Untracked 
|  18|0x00000000fd200000, 0x00000000fd200000, 0x00000000fd300000|  0%| F|  |TAMS 0x00000000fd200000, 0x00000000fd200000| Untracked 
|  19|0x00000000fd300000, 0x00000000fd300000, 0x00000000fd400000|  0%| F|  |TAMS 0x00000000fd300000, 0x00000000fd300000| Untracked 
|  20|0x00000000fd400000, 0x00000000fd400000, 0x00000000fd500000|  0%| F|  |TAMS 0x00000000fd400000, 0x00000000fd400000| Untracked 
|  21|0x00000000fd500000, 0x00000000fd500000, 0x00000000fd600000|  0%| F|  |TAMS 0x00000000fd500000, 0x00000000fd500000| Untracked 
|  22|0x00000000fd600000, 0x00000000fd600000, 0x00000000fd700000|  0%| F|  |TAMS 0x00000000fd600000, 0x00000000fd600000| Untracked 
|  23|0x00000000fd700000, 0x00000000fd700000, 0x00000000fd800000|  0%| F|  |TAMS 0x00000000fd700000, 0x00000000fd700000| Untracked 
|  24|0x00000000fd800000, 0x00000000fd800000, 0x00000000fd900000|  0%| F|  |TAMS 0x00000000fd800000, 0x00000000fd800000| Untracked 
|  25|0x00000000fd900000, 0x00000000fd900000, 0x00000000fda00000|  0%| F|  |TAMS 0x00000000fd900000, 0x00000000fd900000| Untracked 
|  26|0x00000000fda00000, 0x00000000fda00000, 0x00000000fdb00000|  0%| F|  |TAMS 0x00000000fda00000, 0x00000000fda00000| Untracked 
|  27|0x00000000fdb00000, 0x00000000fdb00000, 0x00000000fdc00000|  0%| F|  |TAMS 0x00000000fdb00000, 0x00000000fdb00000| Untracked 
|  28|0x00000000fdc00000, 0x00000000fdc00000, 0x00000000fdd00000|  0%| F|  |TAMS 0x00000000fdc00000, 0x00000000fdc00000| Untracked 
|  29|0x00000000fdd00000, 0x00000000fdd00000, 0x00000000fde00000|  0%| F|  |TAMS 0x00000000fdd00000, 0x00000000fdd00000| Untracked 
|  30|0x00000000fde00000, 0x00000000fde00000, 0x00000000fdf00000|  0%| F|  |TAMS 0x00000000fde00000, 0x00000000fde00000| Untracked 
|  31|0x00000000fdf00000, 0x00000000fdf00000, 0x00000000fe000000|  0%| F|  |TAMS 0x00000000fdf00000, 0x00000000fdf00000| Untracked 
|  32|0x00000000fe000000, 0x00000000fe000000, 0x00000000fe100000|  0%| F|  |TAMS 0x00000000fe000000, 0x00000000fe000000| Untracked 
|  33|0x00000000fe100000, 0x00000000fe100000, 0x00000000fe200000|  0%| F|  |TAMS 0x00000000fe100000, 0x00000000fe100000| Untracked 
|  34|0x00000000fe200000, 0x00000000fe200000, 0x00000000fe300000|  0%| F|  |TAMS 0x00000000fe200000, 0x00000000fe200000| Untracked 
|  35|0x00000000fe300000, 0x00000000fe300000, 0x00000000fe400000|  0%| F|  |TAMS 0x00000000fe300000, 0x00000000fe300000| Untracked 
|  36|0x00000000fe400000, 0x00000000fe400000, 0x00000000fe500000|  0%| F|  |TAMS 0x00000000fe400000, 0x00000000fe400000| Untracked 
|  37|0x00000000fe500000, 0x00000000fe500000, 0x00000000fe600000|  0%| F|  |TAMS 0x00000000fe500000, 0x00000000fe500000| Untracked 
|  38|0x00000000fe600000, 0x00000000fe600000, 0x00000000fe700000|  0%| F|  |TAMS 0x00000000fe600000, 0x00000000fe600000| Untracked 
|  39|0x00000000fe700000, 0x00000000fe700000, 0x00000000fe800000|  0%| F|  |TAMS 0x00000000fe700000, 0x00000000fe700000| Untracked 
|  40|0x00000000fe800000, 0x00000000fe800000, 0x00000000fe900000|  0%| F|  |TAMS 0x00000000fe800000, 0x00000000fe800000| Untracked 
|  41|0x00000000fe900000, 0x00000000fe900000, 0x00000000fea00000|  0%| F|  |TAMS 0x00000000fe900000, 0x00000000fe900000| Untracked 
|  42|0x00000000fea00000, 0x00000000fea00000, 0x00000000feb00000|  0%| F|  |TAMS 0x00000000fea00000, 0x00000000fea00000| Untracked 
|  43|0x00000000feb00000, 0x00000000feb00000, 0x00000000fec00000|  0%| F|  |TAMS 0x00000000feb00000, 0x00000000feb00000| Untracked 
|  44|0x00000000fec00000, 0x00000000fecf4928, 0x00000000fed00000| 95%| E|  |TAMS 0x00000000fec00000, 0x00000000fec00000| Complete 
|  45|0x00000000fed00000, 0x00000000fee00000, 0x00000000fee00000|100%| E|CS|TAMS 0x00000000fed00000, 0x00000000fed00000| Complete 
|  46|0x00000000fee00000, 0x00000000fef00000, 0x00000000fef00000|100%| E|CS|TAMS 0x00000000fee00000, 0x00000000fee00000| Complete 
|  47|0x00000000fef00000, 0x00000000ff000000, 0x00000000ff000000|100%| E|CS|TAMS 0x00000000fef00000, 0x00000000fef00000| Complete 
|  48|0x00000000ff000000, 0x00000000ff100000, 0x00000000ff100000|100%| E|CS|TAMS 0x00000000ff000000, 0x00000000ff000000| Complete 
|  49|0x00000000ff100000, 0x00000000ff200000, 0x00000000ff200000|100%| E|  |TAMS 0x00000000ff100000, 0x00000000ff100000| Complete 
|  50|0x00000000ff200000, 0x00000000ff300000, 0x00000000ff300000|100%| E|CS|TAMS 0x00000000ff200000, 0x00000000ff200000| Complete 
|  51|0x00000000ff300000, 0x00000000ff400000, 0x00000000ff400000|100%| E|CS|TAMS 0x00000000ff300000, 0x00000000ff300000| Complete 
|  52|0x00000000ff400000, 0x00000000ff500000, 0x00000000ff500000|100%| E|CS|TAMS 0x00000000ff400000, 0x00000000ff400000| Complete 
|  53|0x00000000ff500000, 0x00000000ff600000, 0x00000000ff600000|100%| E|CS|TAMS 0x00000000ff500000, 0x00000000ff500000| Complete 
|  54|0x00000000ff600000, 0x00000000ff700000, 0x00000000ff700000|100%| E|CS|TAMS 0x00000000ff600000, 0x00000000ff600000| Complete 
|  55|0x00000000ff700000, 0x00000000ff800000, 0x00000000ff800000|100%| E|CS|TAMS 0x00000000ff700000, 0x00000000ff700000| Complete 
|  56|0x00000000ff800000, 0x00000000ff900000, 0x00000000ff900000|100%| E|CS|TAMS 0x00000000ff800000, 0x00000000ff800000| Complete 
|  57|0x00000000ff900000, 0x00000000ffa00000, 0x00000000ffa00000|100%| E|CS|TAMS 0x00000000ff900000, 0x00000000ff900000| Complete 
|  58|0x00000000ffa00000, 0x00000000ffb00000, 0x00000000ffb00000|100%| E|CS|TAMS 0x00000000ffa00000, 0x00000000ffa00000| Complete 
|  59|0x00000000ffb00000, 0x00000000ffc00000, 0x00000000ffc00000|100%| E|CS|TAMS 0x00000000ffb00000, 0x00000000ffb00000| Complete 
|  60|0x00000000ffc00000, 0x00000000ffd00000, 0x00000000ffd00000|100%| E|CS|TAMS 0x00000000ffc00000, 0x00000000ffc00000| Complete 
|  61|0x00000000ffd00000, 0x00000000ffe00000, 0x00000000ffe00000|100%| E|CS|TAMS 0x00000000ffd00000, 0x00000000ffd00000| Complete 
|  62|0x00000000ffe00000, 0x00000000fff00000, 0x00000000fff00000|100%| E|CS|TAMS 0x00000000ffe00000, 0x00000000ffe00000| Complete 
|  63|0x00000000fff00000, 0x0000000100000000, 0x0000000100000000|100%| E|CS|TAMS 0x00000000fff00000, 0x00000000fff00000| Complete 

Card table byte_map: [0x0000020dd9940000,0x0000020dd9960000] _byte_map_base: 0x0000020dd9160000

Marking Bits (Prev, Next): (CMBitMap*) 0x0000020ddba7b210, (CMBitMap*) 0x0000020ddba7b250
 Prev Bits: [0x0000020df2ae0000, 0x0000020df2be0000)
 Next Bits: [0x0000020df2be0000, 0x0000020df2ce0000)

Polling page: 0x0000020dd98f0000

Metaspace:

Usage:
  Non-class:      1.81 MB used.
      Class:    194.63 KB used.
       Both:      2.00 MB used.

Virtual space:
  Non-class space:       64.00 MB reserved,       1.88 MB (  3%) committed,  1 nodes.
      Class space:        1.00 GB reserved,     256.00 KB ( <1%) committed,  1 nodes.
             Both:        1.06 GB reserved,       2.12 MB ( <1%) committed. 

Chunk freelists:
   Non-Class:  11.59 MB
       Class:  15.66 MB
        Both:  27.25 MB

MaxMetaspaceSize: unlimited
CompressedClassSpaceSize: 1.00 GB
Initial GC threshold: 21.00 MB
Current GC threshold: 21.00 MB
CDS: on
MetaspaceReclaimPolicy: balanced
 - commit_granule_bytes: 65536.
 - commit_granule_words: 8192.
 - virtual_space_node_default_size: 8388608.
 - enlarge_chunks_in_place: 1.
 - new_chunks_are_fully_committed: 0.
 - uncommit_free_chunks: 1.
 - use_allocation_guard: 0.
 - handle_deallocations: 1.


Internal statistics:

num_allocs_failed_limit: 0.
num_arena_births: 14.
num_arena_deaths: 0.
num_vsnodes_births: 2.
num_vsnodes_deaths: 0.
num_space_committed: 34.
num_space_uncommitted: 0.
num_chunks_returned_to_freelist: 0.
num_chunks_taken_from_freelist: 51.
num_chunk_merges: 0.
num_chunk_splits: 30.
num_chunks_enlarged: 26.
num_inconsistent_stats: 0.

CodeHeap 'non-profiled nmethods': size=120000Kb used=243Kb max_used=243Kb free=119756Kb
 bounds [0x0000020deb050000, 0x0000020deb2c0000, 0x0000020df2580000]
CodeHeap 'profiled nmethods': size=120000Kb used=1186Kb max_used=1186Kb free=118813Kb
 bounds [0x0000020de3580000, 0x0000020de37f0000, 0x0000020deaab0000]
CodeHeap 'non-nmethods': size=5760Kb used=1123Kb max_used=1154Kb free=4636Kb
 bounds [0x0000020deaab0000, 0x0000020dead20000, 0x0000020deb050000]
 total_blobs=1077 nmethods=673 adapters=317
 compilation: enabled
              stopped_count=0, restarted_count=0
 full_count=0

Compilation events (20 events):
Event: 0.951 Thread 0x0000020df58d7d70  666   !   3       jdk.internal.loader.URLClassPath$JarLoader::getResource (354 bytes)
Event: 0.954 Thread 0x0000020df5b92f30 nmethod 656 0x0000020deb08b290 code [0x0000020deb08b420, 0x0000020deb08b5d8]
Event: 0.954 Thread 0x0000020df58d72c0 nmethod 654 0x0000020deb08b790 code [0x0000020deb08b940, 0x0000020deb08c008]
Event: 0.954 Thread 0x0000020df5b92f30  665       4       java.nio.DirectLongBufferU::ix (10 bytes)
Event: 0.956 Thread 0x0000020df58d7d70 nmethod 666 0x0000020de36a0b10 code [0x0000020de36a0fa0, 0x0000020de36a2f78]
Event: 0.956 Thread 0x0000020df5b92f30 nmethod 665 0x0000020deb08c410 code [0x0000020deb08c580, 0x0000020deb08c5f8]
Event: 0.956 Thread 0x0000020df58d7d70  667       3       java.lang.invoke.MethodType::checkPtypes (76 bytes)
Event: 0.957 Thread 0x0000020df58d7d70 nmethod 667 0x0000020de36a4210 code [0x0000020de36a4480, 0x0000020de36a4de8]
Event: 0.957 Thread 0x0000020df58d7d70  668       1       java.util.jar.Manifest::getMainAttributes (5 bytes)
Event: 0.957 Thread 0x0000020df58d7d70 nmethod 668 0x0000020deb08c710 code [0x0000020deb08c8a0, 0x0000020deb08c978]
Event: 0.957 Thread 0x0000020df58d7d70  669       3       java.lang.StringConcatHelper::newArray (40 bytes)
Event: 0.958 Thread 0x0000020df58d7d70 nmethod 669 0x0000020de36a5190 code [0x0000020de36a5360, 0x0000020de36a56b8]
Event: 0.958 Thread 0x0000020df58d7d70  670       3       java.util.jar.JarFile::maybeInstantiateVerifier (42 bytes)
Event: 0.958 Thread 0x0000020df58d7d70 nmethod 670 0x0000020de36a5790 code [0x0000020de36a5960, 0x0000020de36a5cd8]
Event: 0.959 Thread 0x0000020df58d7d70  671       3       java.util.jar.Attributes$Name::hash (148 bytes)
Event: 0.959 Thread 0x0000020df58d72c0  672       4       java.lang.StringCoding::hasNegatives (25 bytes)
Event: 0.960 Thread 0x0000020df58d7d70 nmethod 671 0x0000020de36a5e10 code [0x0000020de36a60a0, 0x0000020de36a6dc8]
Event: 0.960 Thread 0x0000020df58d7d70  673   !   3       java.lang.ClassLoader::loadClass (121 bytes)
Event: 0.962 Thread 0x0000020df58d7d70 nmethod 673 0x0000020de36a7290 code [0x0000020de36a7540, 0x0000020de36a81e8]
Event: 0.962 Thread 0x0000020df58d72c0 nmethod 672 0x0000020deb08ca10 code [0x0000020deb08cb80, 0x0000020deb08cd58]

GC Heap History (0 events):
No events

Dll operation events (7 events):
Event: 0.010 Loaded shared library C:\Program Files\Microsoft\jdk-17.0.12.7-hotspot\bin\java.dll
Event: 0.032 Loaded shared library C:\Program Files\Microsoft\jdk-17.0.12.7-hotspot\bin\jsvml.dll
Event: 0.085 Loaded shared library C:\Program Files\Microsoft\jdk-17.0.12.7-hotspot\bin\net.dll
Event: 0.088 Loaded shared library C:\Program Files\Microsoft\jdk-17.0.12.7-hotspot\bin\nio.dll
Event: 0.095 Loaded shared library C:\Program Files\Microsoft\jdk-17.0.12.7-hotspot\bin\zip.dll
Event: 0.101 Loaded shared library C:\Program Files\Microsoft\jdk-17.0.12.7-hotspot\bin\verify.dll
Event: 0.716 Loaded shared library C:\Program Files\Microsoft\jdk-17.0.12.7-hotspot\bin\jimage.dll

Deoptimization events (20 events):
Event: 0.828 Thread 0x0000020ddba5a1f0 DEOPT PACKING pc=0x0000020deb07de00 sp=0x0000002dcebf99c0
Event: 0.828 Thread 0x0000020ddba5a1f0 DEOPT UNPACKING pc=0x0000020deab069a3 sp=0x0000002dcebf98e8 mode 2
Event: 0.832 Thread 0x0000020ddba5a1f0 DEOPT PACKING pc=0x0000020de35b43c8 sp=0x0000002dcebf92f0
Event: 0.832 Thread 0x0000020ddba5a1f0 DEOPT UNPACKING pc=0x0000020deab07143 sp=0x0000002dcebf87b0 mode 0
Event: 0.836 Thread 0x0000020ddba5a1f0 Uncommon trap: trap_request=0xffffff45 fr.pc=0x0000020deb070430 relative=0x0000000000000190
Event: 0.836 Thread 0x0000020ddba5a1f0 Uncommon trap: reason=unstable_if action=reinterpret pc=0x0000020deb070430 method=java.util.zip.ZipFile$Source.isMetaName([BII)Z @ 43 c2
Event: 0.836 Thread 0x0000020ddba5a1f0 DEOPT PACKING pc=0x0000020deb070430 sp=0x0000002dcebf9040
Event: 0.836 Thread 0x0000020ddba5a1f0 DEOPT UNPACKING pc=0x0000020deab069a3 sp=0x0000002dcebf8fe8 mode 2
Event: 0.857 Thread 0x0000020ddba5a1f0 Uncommon trap: trap_request=0xffffffde fr.pc=0x0000020deb07de98 relative=0x0000000000000878
Event: 0.857 Thread 0x0000020ddba5a1f0 Uncommon trap: reason=class_check action=maybe_recompile pc=0x0000020deb07de98 method=java.util.HashMap.putVal(ILjava/lang/Object;Ljava/lang/Object;ZZ)Ljava/lang/Object; @ 203 c2
Event: 0.857 Thread 0x0000020ddba5a1f0 DEOPT PACKING pc=0x0000020deb07de98 sp=0x0000002dcebf99c0
Event: 0.857 Thread 0x0000020ddba5a1f0 DEOPT UNPACKING pc=0x0000020deab069a3 sp=0x0000002dcebf98e8 mode 2
Event: 0.886 Thread 0x0000020ddba5a1f0 DEOPT PACKING pc=0x0000020de366daa7 sp=0x0000002dcebf8ff0
Event: 0.886 Thread 0x0000020ddba5a1f0 DEOPT UNPACKING pc=0x0000020deab07143 sp=0x0000002dcebf8450 mode 0
Event: 0.892 Thread 0x0000020ddba5a1f0 Uncommon trap: trap_request=0xffffff45 fr.pc=0x0000020deb07a278 relative=0x0000000000000d98
Event: 0.892 Thread 0x0000020ddba5a1f0 Uncommon trap: reason=unstable_if action=reinterpret pc=0x0000020deb07a278 method=java.util.HashMap.putVal(ILjava/lang/Object;Ljava/lang/Object;ZZ)Ljava/lang/Object; @ 81 c2
Event: 0.892 Thread 0x0000020ddba5a1f0 DEOPT PACKING pc=0x0000020deb07a278 sp=0x0000002dcebf9980
Event: 0.892 Thread 0x0000020ddba5a1f0 DEOPT UNPACKING pc=0x0000020deab069a3 sp=0x0000002dcebf9900 mode 2
Event: 0.959 Thread 0x0000020ddba5a1f0 DEOPT PACKING pc=0x0000020de35de856 sp=0x0000002dcebfb200
Event: 0.959 Thread 0x0000020ddba5a1f0 DEOPT UNPACKING pc=0x0000020deab07143 sp=0x0000002dcebfa688 mode 0

Classes loaded (20 events):
Event: 0.373 Loading class java/lang/invoke/DirectMethodHandle$Special done
Event: 0.740 Loading class java/io/BufferedReader
Event: 0.740 Loading class java/io/BufferedReader done
Event: 0.741 Loading class sun/nio/cs/StreamDecoder
Event: 0.741 Loading class sun/nio/cs/StreamDecoder done
Event: 0.741 Loading class sun/nio/cs/UTF_8$Decoder
Event: 0.741 Loading class sun/nio/cs/UTF_8$Decoder done
Event: 0.953 Loading class java/util/concurrent/atomic/AtomicReference
Event: 0.954 Loading class java/util/concurrent/atomic/AtomicReference done
Event: 0.960 Loading class java/lang/NoSuchFieldError
Event: 0.960 Loading class java/lang/NoSuchFieldError done
Event: 0.962 Loading class java/util/concurrent/LinkedBlockingQueue
Event: 0.962 Loading class java/util/concurrent/BlockingQueue
Event: 0.963 Loading class java/util/concurrent/BlockingQueue done
Event: 0.963 Loading class java/util/AbstractQueue
Event: 0.963 Loading class java/util/AbstractQueue done
Event: 0.963 Loading class java/util/concurrent/LinkedBlockingQueue done
Event: 0.964 Loading class java/util/concurrent/locks/AbstractQueuedSynchronizer$ConditionObject
Event: 0.964 Loading class java/util/concurrent/locks/Condition
Event: 0.964 Loading class java/util/concurrent/locks/Condition done

Classes unloaded (0 events):
No events

Classes redefined (0 events):
No events

Internal exceptions (1 events):
Event: 0.233 Thread 0x0000020ddba5a1f0 Exception <a 'java/lang/NoSuchMethodError'{0x00000000ffc57c88}: 'int java.lang.invoke.DirectMethodHandle$Holder.invokeStaticInit(java.lang.Object, java.lang.Object)'> (0x00000000ffc57c88) 
thrown [s\src\hotspot\share\interpreter\linkResolver.cpp, line 759]

VM Operations (2 events):
Event: 0.097 Executing VM operation: HandshakeAllThreads
Event: 0.097 Executing VM operation: HandshakeAllThreads done

Events (13 events):
Event: 0.032 Thread 0x0000020ddba5a1f0 Thread added: 0x0000020ddba5a1f0
Event: 0.035 Thread 0x0000020df58c00b0 Thread added: 0x0000020df58c00b0
Event: 0.035 Thread 0x0000020df58c0f30 Thread added: 0x0000020df58c0f30
Event: 0.048 Thread 0x0000020df58cf8a0 Thread added: 0x0000020df58cf8a0
Event: 0.048 Thread 0x0000020df58d3190 Thread added: 0x0000020df58d3190
Event: 0.048 Thread 0x0000020df58d3b50 Thread added: 0x0000020df58d3b50
Event: 0.048 Thread 0x0000020df58d6520 Thread added: 0x0000020df58d6520
Event: 0.048 Thread 0x0000020df58d72c0 Thread added: 0x0000020df58d72c0
Event: 0.048 Thread 0x0000020df58d7d70 Thread added: 0x0000020df58d7d70
Event: 0.048 Thread 0x0000020df58da780 Thread added: 0x0000020df58da780
Event: 0.076 Thread 0x0000020df5a1b3d0 Thread added: 0x0000020df5a1b3d0
Event: 0.080 Thread 0x0000020df5a1cd20 Thread added: 0x0000020df5a1cd20
Event: 0.713 Thread 0x0000020df5b92f30 Thread added: 0x0000020df5b92f30


Dynamic libraries:
0x00007ff65d000000 - 0x00007ff65d00e000 	C:\Program Files\Microsoft\jdk-17.0.12.7-hotspot\bin\java.exe
0x00007ffe9ad30000 - 0x00007ffe9af47000 	C:\WINDOWS\SYSTEM32\ntdll.dll
0x00007ffe99150000 - 0x00007ffe99214000 	C:\WINDOWS\System32\KERNEL32.DLL
0x00007ffe982c0000 - 0x00007ffe9866d000 	C:\WINDOWS\System32\KERNELBASE.dll
0x00007ffe98760000 - 0x00007ffe98871000 	C:\WINDOWS\System32\ucrtbase.dll
0x00007ffe5b0b0000 - 0x00007ffe5b0c7000 	C:\Program Files\Microsoft\jdk-17.0.12.7-hotspot\bin\jli.dll
0x00007ffe5c4d0000 - 0x00007ffe5c4ed000 	C:\Program Files\Microsoft\jdk-17.0.12.7-hotspot\bin\VCRUNTIME140.dll
0x00007ffe99660000 - 0x00007ffe9980e000 	C:\WINDOWS\System32\USER32.dll
0x00007ffe98050000 - 0x00007ffe98076000 	C:\WINDOWS\System32\win32u.dll
0x00007ffe86ed0000 - 0x00007ffe87163000 	C:\WINDOWS\WinSxS\amd64_microsoft.windows.common-controls_6595b64144ccf1df_6.0.22621.3672_none_2713b9d173822955\COMCTL32.dll
0x00007ffe99620000 - 0x00007ffe99649000 	C:\WINDOWS\System32\GDI32.dll
0x00007ffe98a60000 - 0x00007ffe98b07000 	C:\WINDOWS\System32\msvcrt.dll
0x00007ffe981a0000 - 0x00007ffe982b9000 	C:\WINDOWS\System32\gdi32full.dll
0x00007ffe98100000 - 0x00007ffe9819a000 	C:\WINDOWS\System32\msvcp_win.dll
0x00007ffe9aaf0000 - 0x00007ffe9ab21000 	C:\WINDOWS\System32\IMM32.DLL
0x00007ffe8eb20000 - 0x00007ffe8eb2c000 	C:\Program Files\Microsoft\jdk-17.0.12.7-hotspot\bin\vcruntime140_1.dll
0x00007ffe415b0000 - 0x00007ffe4163d000 	C:\Program Files\Microsoft\jdk-17.0.12.7-hotspot\bin\msvcp140.dll
0x00007ffe33800000 - 0x00007ffe34470000 	C:\Program Files\Microsoft\jdk-17.0.12.7-hotspot\bin\server\jvm.dll
0x00007ffe99fe0000 - 0x00007ffe9a092000 	C:\WINDOWS\System32\ADVAPI32.dll
0x00007ffe99570000 - 0x00007ffe99619000 	C:\WINDOWS\System32\sechost.dll
0x00007ffe98670000 - 0x00007ffe98698000 	C:\WINDOWS\System32\bcrypt.dll
0x00007ffe98f50000 - 0x00007ffe99064000 	C:\WINDOWS\System32\RPCRT4.dll
0x00007ffe99490000 - 0x00007ffe99501000 	C:\WINDOWS\System32\WS2_32.dll
0x00007ffe96ee0000 - 0x00007ffe96f2d000 	C:\WINDOWS\SYSTEM32\POWRPROF.dll
0x00007ffe93970000 - 0x00007ffe939a4000 	C:\WINDOWS\SYSTEM32\WINMM.dll
0x00007ffe93380000 - 0x00007ffe9338a000 	C:\WINDOWS\SYSTEM32\VERSION.dll
0x00007ffe96ec0000 - 0x00007ffe96ed3000 	C:\WINDOWS\SYSTEM32\UMPDC.dll
0x00007ffe97170000 - 0x00007ffe97188000 	C:\WINDOWS\SYSTEM32\kernel.appcore.dll
0x00007ffe86860000 - 0x00007ffe8686a000 	C:\Program Files\Microsoft\jdk-17.0.12.7-hotspot\bin\jimage.dll
0x00007ffe95a80000 - 0x00007ffe95cb2000 	C:\WINDOWS\SYSTEM32\DBGHELP.DLL
0x00007ffe98bc0000 - 0x00007ffe98f4d000 	C:\WINDOWS\System32\combase.dll
0x00007ffe99910000 - 0x00007ffe999e7000 	C:\WINDOWS\System32\OLEAUT32.dll
0x00007ffe73400000 - 0x00007ffe73432000 	C:\WINDOWS\SYSTEM32\dbgcore.DLL
0x00007ffe98080000 - 0x00007ffe980fb000 	C:\WINDOWS\System32\bcryptPrimitives.dll
0x00007ffe410a0000 - 0x00007ffe410c5000 	C:\Program Files\Microsoft\jdk-17.0.12.7-hotspot\bin\java.dll
0x00007ffe3b180000 - 0x00007ffe3b257000 	C:\Program Files\Microsoft\jdk-17.0.12.7-hotspot\bin\jsvml.dll
0x00007ffe9a260000 - 0x00007ffe9aac8000 	C:\WINDOWS\System32\SHELL32.dll
0x00007ffe95fb0000 - 0x00007ffe968ae000 	C:\WINDOWS\SYSTEM32\windows.storage.dll
0x00007ffe95e70000 - 0x00007ffe95faf000 	C:\WINDOWS\SYSTEM32\wintypes.dll
0x00007ffe99e80000 - 0x00007ffe99f79000 	C:\WINDOWS\System32\SHCORE.dll
0x00007ffe99f80000 - 0x00007ffe99fde000 	C:\WINDOWS\System32\shlwapi.dll
0x00007ffe97f80000 - 0x00007ffe97fa1000 	C:\WINDOWS\SYSTEM32\profapi.dll
0x00007ffe424b0000 - 0x00007ffe424ca000 	C:\Program Files\Microsoft\jdk-17.0.12.7-hotspot\bin\net.dll
0x00007ffe94050000 - 0x00007ffe94186000 	C:\WINDOWS\SYSTEM32\WINHTTP.dll
0x00007ffe975e0000 - 0x00007ffe97649000 	C:\WINDOWS\system32\mswsock.dll
0x00007ffe41590000 - 0x00007ffe415a6000 	C:\Program Files\Microsoft\jdk-17.0.12.7-hotspot\bin\nio.dll
0x00007ffe40f90000 - 0x00007ffe40fa8000 	C:\Program Files\Microsoft\jdk-17.0.12.7-hotspot\bin\zip.dll
0x00007ffe8eae0000 - 0x00007ffe8eaf0000 	C:\Program Files\Microsoft\jdk-17.0.12.7-hotspot\bin\verify.dll

dbghelp: loaded successfully - version: 4.0.5 - missing functions: none
symbol engine: initialized successfully - sym options: 0x614 - pdb path: .;C:\Program Files\Microsoft\jdk-17.0.12.7-hotspot\bin;C:\WINDOWS\SYSTEM32;C:\WINDOWS\WinSxS\amd64_microsoft.windows.common-controls_6595b64144ccf1df_6.0.22621.3672_none_2713b9d173822955;C:\Program Files\Microsoft\jdk-17.0.12.7-hotspot\bin\server

VM Arguments:
jvm_args: -Xmx64m -Xms64m -Dorg.gradle.appname=gradlew 
java_command: org.gradle.wrapper.GradleWrapperMain app:installDebug -PreactNativeDevServerPort=8081
java_class_path (initial): C:\Users\ANDALOS\testproj\android\\gradle\wrapper\gradle-wrapper.jar
Launcher Type: SUN_STANDARD

[Global flags]
     intx CICompilerCount                          = 4                                         {product} {ergonomic}
     uint ConcGCThreads                            = 3                                         {product} {ergonomic}
     uint G1ConcRefinementThreads                  = 10                                        {product} {ergonomic}
   size_t G1HeapRegionSize                         = 1048576                                   {product} {ergonomic}
    uintx GCDrainStackTargetSize                   = 64                                        {product} {ergonomic}
   size_t InitialHeapSize                          = 67108864                                  {product} {command line}
   size_t MarkStackSize                            = 4194304                                   {product} {ergonomic}
   size_t MaxHeapSize                              = 67108864                                  {product} {command line}
   size_t MaxNewSize                               = 39845888                                  {product} {ergonomic}
   size_t MinHeapDeltaBytes                        = 1048576                                   {product} {ergonomic}
   size_t MinHeapSize                              = 67108864                                  {product} {command line}
    uintx NonNMethodCodeHeapSize                   = 5839372                                {pd product} {ergonomic}
    uintx NonProfiledCodeHeapSize                  = 122909434                              {pd product} {ergonomic}
    uintx ProfiledCodeHeapSize                     = 122909434                              {pd product} {ergonomic}
    uintx ReservedCodeCacheSize                    = 251658240                              {pd product} {ergonomic}
     bool SegmentedCodeCache                       = true                                      {product} {ergonomic}
   size_t SoftMaxHeapSize                          = 67108864                               {manageable} {ergonomic}
     bool UseCompressedClassPointers               = true                           {product lp64_product} {ergonomic}
     bool UseCompressedOops                        = true                           {product lp64_product} {ergonomic}
     bool UseG1GC                                  = true                                      {product} {ergonomic}
     bool UseLargePagesIndividualAllocation        = false                                  {pd product} {ergonomic}

Logging:
Log output configuration:
 #0: stdout all=warning uptime,level,tags
 #1: stderr all=off uptime,level,tags

Environment Variables:
JAVA_HOME=C:\Program Files\Microsoft\jdk-17.0.12.7-hotspot\
CLASSPATH=C:\Users\ANDALOS\testproj\android\\gradle\wrapper\gradle-wrapper.jar
PATH=C:\Users\ANDALOS\testproj\node_modules\.bin;C:\Users\ANDALOS\testproj\node_modules\.bin;C:\Users\ANDALOS\node_modules\.bin;C:\Users\node_modules\.bin;C:\node_modules\.bin;D:\node_modules\npm\node_modules\@npmcli\run-script\lib\node-gyp-bin;C:\Program Files\Microsoft\jdk-17.0.12.7-hotspot\bin;C:\oraclexe\app\oracle\product\11.2.0\server\bin;C:\Windows\system32;C:\Windows;C:\Windows\System32\Wbem;C:\Windows\System32\WindowsPowerShell\v1.0\;C:\Windows\System32\OpenSSH\;C:\Program Files (x86)\NVIDIA Corporation\PhysX\Common;C:\Program Files\dotnet\;C:\WINDOWS\system32;C:\WINDOWS;C:\WINDOWS\System32\Wbem;C:\WINDOWS\System32\WindowsPowerShell\v1.0\;C:\WINDOWS\System32\OpenSSH\;C:\Program Files\Docker\Docker\resources\bin;C:\Program Files\Git\cmd;C:\Program Files\NVIDIA Corporation\NVIDIA NvDLISR;C:\ProgramData\chocolatey\bin;D:\;%JAVA_HOME%\bin;%LOCALAPPDATA%\Android\Sdk\platform-tools;C:\Users\ANDALOS\AppData\Local\Programs\Python\Python310\Scripts\;C:\Users\ANDALOS\AppData\Local\Programs\Python\Python310\;C:\Users\ANDALOS\AppData\Local\Microsoft\WindowsApps;C:\Users\ANDALOS\Desktop\sim 2\Microsoft VS Code\bin;C:\Users\ANDALOS\.dotnet\tools;C:\Users\ANDALOS\Downloads\flutter_windows_3.10.0-stable\flutter\bin;C:\Users\ANDALOS\AppData\Roaming\npm
USERNAME=ANDALOS
LANG=en_US.UTF-8
OS=Windows_NT
PROCESSOR_IDENTIFIER=Intel64 Family 6 Model 165 Stepping 2, GenuineIntel
TMP=C:\Users\ANDALOS\AppData\Local\Temp
TEMP=C:\Users\ANDALOS\AppData\Local\Temp



Periodic native trim disabled


---------------  S Y S T E M  ---------------

OS:
 Windows 11 , 64 bit Build 22621 (10.0.22621.3958)
OS uptime: 22 days 7:21 hours

CPU: total 12 (initial active 12) (6 cores per cpu, 2 threads per core) family 6 model 165 stepping 2 microcode 0xea, cx8, cmov, fxsr, ht, mmx, 3dnowpref, sse, sse2, sse3, ssse3, sse4.1, sse4.2, popcnt, lzcnt, tsc, tscinvbit, avx, avx2, aes, erms, clmul, bmi1, bmi2, adx, fma, vzeroupper, clflush, clflushopt
Processor Information for the first 12 processors :
  Max Mhz: 2592, Current Mhz: 2592, Mhz Limit: 2592

Memory: 4k page, system-wide physical 16251M (809M free)
TotalPageFile size 30797M (AvailPageFile size 0M)
current process WorkingSet (physical memory assigned to process): 62M, peak: 62M
current process commit charge ("private bytes"): 156M, peak: 156M

vm_info: OpenJDK 64-Bit Server VM (17.0.12+7-LTS) for windows-amd64 JRE (17.0.12+7-LTS), built on Jul 16 2024 18:11:44 by "MicrosoftCorporation" with unknown MS VC++:1939

END.
